\BOOKMARK [1][-]{section.1}{\376\377\000I\000n\000t\000r\000o\000d\000u\000c\000t\000i\000o\000n}{}% 1
\BOOKMARK [2][-]{subsection.2}{\376\377\000O\000p\000e\000r\000a\000t\000i\000o\000n\000a\000l\000\040\000M\000o\000t\000i\000v\000a\000t\000i\000o\000n}{section.1}% 2
\BOOKMARK [2][-]{subsection.3}{\376\377\000P\000r\000o\000b\000l\000e\000m\000\040\000S\000t\000a\000t\000e\000m\000e\000n\000t}{section.1}% 3
\BOOKMARK [2][-]{subsection.4}{\376\377\000R\000e\000s\000e\000a\000r\000c\000h\000\040\000Q\000u\000e\000s\000t\000i\000o\000n\000s}{section.1}% 4
\BOOKMARK [2][-]{subsection.9}{\376\377\000C\000o\000n\000t\000r\000i\000b\000u\000t\000i\000o\000n\000s}{section.1}% 5
\BOOKMARK [2][-]{subsection.14}{\376\377\000T\000h\000e\000s\000i\000s\000\040\000S\000c\000o\000p\000e\000\040\000a\000n\000d\000\040\000R\000e\000a\000d\000i\000n\000g\000\040\000G\000u\000i\000d\000e}{section.1}% 6
\BOOKMARK [1][-]{section.20}{\376\377\000S\000y\000s\000t\000e\000m\000\040\000A\000r\000c\000h\000i\000t\000e\000c\000t\000u\000r\000e\000\040\000a\000n\000d\000\040\000I\000m\000p\000l\000e\000m\000e\000n\000t\000a\000t\000i\000o\000n}{}% 7
\BOOKMARK [2][-]{subsection.21}{\376\377\000D\000e\000c\000i\000s\000i\000o\000n\000\040\000L\000o\000o\000p\000\040\000a\000n\000d\000\040\000L\000a\000y\000e\000r\000i\000n\000g}{section.20}% 8
\BOOKMARK [2][-]{subsection.30}{\376\377\000C\000o\000m\000p\000o\000n\000e\000n\000t\000-\000t\000o\000-\000C\000o\000d\000e\000\040\000M\000a\000p}{section.20}% 9
\BOOKMARK [2][-]{subsection.32}{\376\377\000R\000u\000n\000t\000i\000m\000e\000\040\000I\000n\000t\000e\000r\000f\000a\000c\000e\000s}{section.20}% 10
\BOOKMARK [2][-]{subsection.33}{\376\377\000A\000r\000t\000i\000f\000a\000c\000t\000\040\000H\000a\000n\000d\000o\000f\000f\000\040\000C\000o\000n\000t\000r\000a\000c\000t\000s}{section.20}% 11
\BOOKMARK [2][-]{subsection.39}{\376\377\000D\000e\000p\000l\000o\000y\000m\000e\000n\000t\000\040\000a\000n\000d\000\040\000R\000u\000n\000t\000i\000m\000e\000\040\000M\000o\000d\000e\000s}{section.20}% 12
\BOOKMARK [2][-]{subsection.43}{\376\377\000E\000n\000d\000-\000t\000o\000-\000E\000n\000d\000\040\000R\000e\000q\000u\000e\000s\000t\000\040\000L\000i\000f\000e\000c\000y\000c\000l\000e}{section.20}% 13
\BOOKMARK [2][-]{subsection.50}{\376\377\000S\000e\000c\000t\000i\000o\000n\000\040\0001\040\023\0003\000\040\000I\000m\000p\000l\000e\000m\000e\000n\000t\000a\000t\000i\000o\000n\000\040\000U\000p\000d\000a\000t\000e\000\040\000\050\000P\000u\000b\000l\000i\000s\000h\000\040\000B\000l\000o\000c\000k\000e\000r\000s\000,\000\040\000S\000t\000r\000e\000a\000m\000i\000n\000g\000,\000\040\000D\000C\0003\000S\000\051}{section.20}% 14
\BOOKMARK [1][-]{section.51}{\376\377\000D\000a\000t\000a\000\040\000A\000s\000s\000e\000t\000s\000,\000\040\000S\000c\000o\000p\000e\000,\000\040\000a\000n\000d\000\040\000F\000e\000a\000t\000u\000r\000e\000\040\000D\000e\000s\000i\000g\000n}{}% 15
\BOOKMARK [2][-]{subsection.52}{\376\377\000D\000a\000t\000a\000s\000e\000t\000\040\000P\000o\000l\000i\000c\000y\000\040\000L\000o\000c\000k\000\040\000\050\000C\000a\000n\000o\000n\000i\000c\000a\000l\000\051}{section.51}% 16
\BOOKMARK [2][-]{subsection.54}{\376\377\000S\000i\000g\000n\000a\000l\000s\000\040\000a\000n\000d\000\040\000T\000a\000r\000g\000e\000t\000s}{section.51}% 17
\BOOKMARK [2][-]{subsection.55}{\376\377\000F\000e\000a\000t\000u\000r\000e\000\040\000F\000a\000m\000i\000l\000y\000\040\000C\000o\000m\000p\000o\000s\000i\000t\000i\000o\000n}{section.51}% 18
\BOOKMARK [2][-]{subsection.57}{\376\377\000T\000a\000r\000g\000e\000t\000\040\000D\000i\000s\000t\000r\000i\000b\000u\000t\000i\000o\000n\000\040\000S\000n\000a\000p\000s\000h\000o\000t}{section.51}% 19
\BOOKMARK [2][-]{subsection.59}{\376\377\000S\000c\000o\000p\000e\000\040\000B\000o\000u\000n\000d\000a\000r\000y\000\040\000a\000n\000d\000\040\000L\000e\000g\000a\000c\000y\000\040\000D\000r\000i\000f\000t}{section.51}% 20
\BOOKMARK [2][-]{subsection.60}{\376\377\000L\000e\000a\000k\000a\000g\000e\000-\000S\000a\000f\000e\000\040\000T\000e\000m\000p\000o\000r\000a\000l\000\040\000F\000r\000a\000m\000i\000n\000g}{section.51}% 21
\BOOKMARK [1][-]{section.61}{\376\377\000M\000e\000t\000h\000o\000d\000s}{}% 22
\BOOKMARK [2][-]{subsection.62}{\376\377\000F\000o\000r\000e\000c\000a\000s\000t\000i\000n\000g\000\040\000M\000e\000t\000h\000o\000d}{section.61}% 23
\BOOKMARK [2][-]{subsection.82}{\376\377\000U\000n\000c\000e\000r\000t\000a\000i\000n\000t\000y\000:\000\040\000C\000o\000n\000f\000o\000r\000m\000a\000l\000\040\000a\000n\000d\000\040\000A\000d\000a\000p\000t\000i\000v\000e\000\040\000I\000n\000t\000e\000r\000v\000a\000l\000s}{section.61}% 24
\BOOKMARK [2][-]{subsection.83}{\376\377\000D\000e\000t\000e\000r\000m\000i\000n\000i\000s\000t\000i\000c\000\040\000D\000i\000s\000p\000a\000t\000c\000h\000\040\000O\000p\000t\000i\000m\000i\000z\000a\000t\000i\000o\000n}{section.61}% 25
\BOOKMARK [2][-]{subsection.87}{\376\377\000R\000o\000b\000u\000s\000t\000\040\000D\000i\000s\000p\000a\000t\000c\000h\000\040\000O\000p\000t\000i\000m\000i\000z\000a\000t\000i\000o\000n}{section.61}% 26
\BOOKMARK [2][-]{subsection.91}{\376\377\000D\000C\0003\000S\000:\000\040\000D\000r\000i\000f\000t\000-\000C\000a\000l\000i\000b\000r\000a\000t\000e\000d\000\040\000C\000o\000n\000f\000o\000r\000m\000a\000l\000\040\000S\000a\000f\000e\000t\000y\000\040\000S\000h\000i\000e\000l\000d}{section.61}% 27
\BOOKMARK [2][-]{subsection.94}{\376\377\000M\000o\000n\000i\000t\000o\000r\000i\000n\000g\000\040\000a\000n\000d\000\040\000R\000e\000t\000r\000a\000i\000n\000i\000n\000g\000\040\000C\000o\000n\000t\000r\000o\000l\000s}{section.61}% 28
\BOOKMARK [2][-]{subsection.100}{\376\377\000S\000a\000f\000e\000t\000y\000\040\000a\000n\000d\000\040\000O\000p\000e\000r\000a\000t\000i\000o\000n\000a\000l\000\040\000C\000o\000n\000t\000r\000o\000l\000s}{section.61}% 29
\BOOKMARK [2][-]{subsection.105}{\376\377\000R\000e\000p\000r\000o\000d\000u\000c\000i\000b\000i\000l\000i\000t\000y\000\040\000a\000n\000d\000\040\000G\000o\000v\000e\000r\000n\000a\000n\000c\000e\000\040\000C\000o\000n\000t\000r\000o\000l\000s}{section.61}% 30
\BOOKMARK [2][-]{subsection.106}{\376\377\000M\000e\000t\000h\000o\000d\000\040\000A\000s\000s\000u\000m\000p\000t\000i\000o\000n\000s\000\040\000a\000n\000d\000\040\000B\000o\000u\000n\000d\000a\000r\000y\000\040\000C\000o\000n\000d\000i\000t\000i\000o\000n\000s}{section.61}% 31
\BOOKMARK [2][-]{subsection.107}{\376\377\000B\000a\000s\000e\000l\000i\000n\000e\000s\000\040\000a\000n\000d\000\040\000C\000o\000m\000p\000a\000r\000a\000t\000o\000r\000\040\000P\000o\000l\000i\000c\000i\000e\000s}{section.61}% 32
\BOOKMARK [1][-]{section.111}{\376\377\000E\000x\000p\000e\000r\000i\000m\000e\000n\000t\000a\000l\000\040\000P\000r\000o\000t\000o\000c\000o\000l}{}% 33
\BOOKMARK [2][-]{subsection.112}{\376\377\000E\000v\000i\000d\000e\000n\000c\000e\000-\000L\000o\000c\000k\000\040\000P\000o\000l\000i\000c\000y}{section.111}% 34
\BOOKMARK [2][-]{subsection.113}{\376\377\000C\000a\000n\000o\000n\000i\000c\000a\000l\000\040\000S\000o\000u\000r\000c\000e\000\040\000a\000n\000d\000\040\000R\000u\000n\000\040\000S\000e\000l\000e\000c\000t\000i\000o\000n}{section.111}% 35
\BOOKMARK [2][-]{subsection.115}{\376\377\000R\000o\000u\000n\000d\000i\000n\000g\000\040\000a\000n\000d\000\040\000F\000o\000r\000m\000a\000t\000t\000i\000n\000g\000\040\000R\000u\000l\000e\000s}{section.111}% 36
\BOOKMARK [2][-]{subsection.119}{\376\377\000C\000r\000o\000s\000s\000-\000R\000e\000g\000i\000o\000n\000\040\000C\000o\000m\000p\000a\000r\000a\000b\000i\000l\000i\000t\000y\000\040\000R\000u\000l\000e\000s}{section.111}% 37
\BOOKMARK [2][-]{subsection.123}{\376\377\000C\000o\000n\000s\000i\000s\000t\000e\000n\000c\000y\000\040\000G\000a\000t\000e\000s}{section.111}% 38
\BOOKMARK [2][-]{subsection.128}{\376\377\000R\000e\000c\000o\000n\000c\000i\000l\000i\000a\000t\000i\000o\000n\000\040\000P\000r\000o\000c\000e\000d\000u\000r\000e\000\040\000f\000o\000r\000\040\000C\000o\000n\000f\000l\000i\000c\000t\000s}{section.111}% 39
\BOOKMARK [1][-]{section.134}{\376\377\000R\000e\000s\000u\000l\000t\000s}{}% 40
\BOOKMARK [2][-]{subsection.135}{\376\377\000F\000o\000r\000e\000c\000a\000s\000t\000\040\000Q\000u\000a\000l\000i\000t\000y\000\040\000A\000c\000r\000o\000s\000s\000\040\000M\000o\000d\000e\000l\000\040\000F\000a\000m\000i\000l\000i\000e\000s}{section.134}% 41
\BOOKMARK [2][-]{subsection.143}{\376\377\000G\000B\000M\000\040\000R\000e\000s\000i\000d\000u\000a\000l\000\040\000a\000n\000d\000\040\000C\000o\000v\000e\000r\000a\000g\000e\000\040\000D\000i\000a\000g\000n\000o\000s\000t\000i\000c\000s\000\040\000\050\0009\0000\000\045\000\040\000I\000n\000t\000e\000r\000v\000a\000l\000s\000\051}{section.134}% 42
\BOOKMARK [2][-]{subsection.148}{\376\377\000B\000a\000s\000e\000l\000i\000n\000e\000s\000\040\000a\000n\000d\000\040\000C\000o\000m\000p\000a\000r\000a\000t\000o\000r\000\040\000M\000a\000p\000p\000i\000n\000g\000\040\000\050\0006\000.\0002\000A\000\051}{section.134}% 43
\BOOKMARK [2][-]{subsection.150}{\376\377\000B\000a\000s\000e\000l\000i\000n\000e\000\040\000A\000b\000s\000o\000l\000u\000t\000e\000\040\000P\000o\000l\000i\000c\000y\000\040\000O\000u\000t\000c\000o\000m\000e\000s\000\040\000\050\000D\000E\000/\000U\000S\000\051\000\040\000\050\0006\000.\0002\000B\000\051}{section.134}% 44
\BOOKMARK [2][-]{subsection.152}{\376\377\000D\000e\000c\000i\000s\000i\000o\000n\000\040\000I\000m\000p\000a\000c\000t\000\040\000\050\000C\000a\000n\000o\000n\000i\000c\000a\000l\000\040\000P\000e\000r\000c\000e\000n\000t\000\040\000O\000u\000t\000c\000o\000m\000e\000s\000\051}{section.134}% 45
\BOOKMARK [2][-]{subsection.157}{\376\377\000D\000e\000c\000i\000s\000i\000o\000n\000\040\000I\000m\000p\000a\000c\000t\000\040\000\050\000A\000b\000s\000o\000l\000u\000t\000e\000\040\000V\000a\000l\000u\000e\000s\000\051}{section.134}% 46
\BOOKMARK [2][-]{subsection.160}{\376\377\000S\000t\000o\000c\000h\000a\000s\000t\000i\000c\000\040\000V\000a\000l\000u\000e\000\040\000M\000e\000t\000r\000i\000c\000s\000\040\000\050\000C\000a\000n\000o\000n\000i\000c\000a\000l\000\040\000R\000u\000n\000\040\000I\000D\000s\000\051}{section.134}% 47
\BOOKMARK [2][-]{subsection.167}{\376\377\000R\000o\000b\000u\000s\000t\000n\000e\000s\000s\000\040\000P\000e\000r\000t\000u\000r\000b\000a\000t\000i\000o\000n\000\040\000S\000u\000m\000m\000a\000r\000y}{section.134}% 48
\BOOKMARK [2][-]{subsection.171}{\376\377\000C\000r\000o\000s\000s\000-\000R\000e\000g\000i\000o\000n\000\040\000I\000n\000t\000e\000r\000p\000r\000e\000t\000a\000t\000i\000o\000n}{section.134}% 49
\BOOKMARK [2][-]{subsection.176}{\376\377\000C\000o\000p\000y\000-\000R\000e\000a\000d\000y\000\040\000C\000o\000r\000e\000\040\000C\000l\000a\000i\000m\000s}{section.134}% 50
\BOOKMARK [2][-]{subsection.182}{\376\377\000N\000e\000g\000a\000t\000i\000v\000e\000\040\000a\000n\000d\000\040\000N\000e\000u\000t\000r\000a\000l\000\040\000F\000i\000n\000d\000i\000n\000g\000s\000\040\000\050\000D\000o\000\040\000N\000o\000t\000\040\000O\000m\000i\000t\000\051}{section.134}% 51
\BOOKMARK [1][-]{section.187}{\376\377\000M\000e\000t\000r\000i\000c\000s\000\040\000S\000o\000u\000r\000c\000e\000\040\000o\000f\000\040\000T\000r\000u\000t\000h\000\040\000a\000n\000d\000\040\000R\000u\000n\000\040\000I\000D\000s}{}% 52
\BOOKMARK [2][-]{subsection.188}{\376\377\000L\000o\000c\000k\000e\000d\000\040\000S\000o\000u\000r\000c\000e\000s}{section.187}% 53
\BOOKMARK [2][-]{subsection.190}{\376\377\000U\000p\000d\000a\000t\000e\000\040\000R\000u\000l\000e\000\040\000f\000o\000r\000\040\000A\000n\000y\000\040\000F\000u\000t\000u\000r\000e\000\040\000M\000e\000t\000r\000i\000c\000\040\000C\000h\000a\000n\000g\000e}{section.187}% 54
\BOOKMARK [2][-]{subsection.195}{\376\377\000N\000o\000n\000-\000P\000o\000l\000i\000c\000y\000\040\000S\000o\000u\000r\000c\000e\000s}{section.187}% 55
\BOOKMARK [2][-]{subsection.196}{\376\377\000M\000e\000t\000r\000i\000c\000s\000\040\000C\000h\000a\000n\000g\000e\000-\000C\000o\000n\000t\000r\000o\000l\000\040\000C\000h\000e\000c\000k\000l\000i\000s\000t}{section.187}% 56
\BOOKMARK [1][-]{section.202}{\376\377\000C\000l\000a\000i\000m\000\040\000T\000r\000a\000c\000e\000a\000b\000i\000l\000i\000t\000y\000\040\000a\000n\000d\000\040\000E\000d\000i\000t\000o\000r\000i\000a\000l\000\040\000G\000o\000v\000e\000r\000n\000a\000n\000c\000e}{}% 57
\BOOKMARK [2][-]{subsection.203}{\376\377\000C\000l\000a\000i\000m\000\040\000S\000t\000a\000t\000u\000s\000\040\000D\000e\000f\000i\000n\000i\000t\000i\000o\000n\000s}{section.202}% 58
\BOOKMARK [2][-]{subsection.204}{\376\377\000T\000r\000a\000c\000e\000a\000b\000i\000l\000i\000t\000y\000\040\000F\000i\000e\000l\000d\000s\000\040\000p\000e\000r\000\040\000C\000l\000a\000i\000m}{section.202}% 59
\BOOKMARK [2][-]{subsection.214}{\376\377\000P\000u\000b\000l\000i\000c\000a\000t\000i\000o\000n\000\040\000R\000u\000l\000e}{section.202}% 60
\BOOKMARK [2][-]{subsection.217}{\376\377\000E\000d\000i\000t\000i\000n\000g\000\040\000W\000o\000r\000k\000f\000l\000o\000w}{section.202}% 61
\BOOKMARK [2][-]{subsection.222}{\376\377\000R\000e\000v\000i\000e\000w\000e\000r\000\040\000a\000n\000d\000\040\000A\000d\000v\000i\000s\000o\000r\000\040\000W\000o\000r\000k\000f\000l\000o\000w}{section.202}% 62
\BOOKMARK [1][-]{section.227}{\376\377\000D\000i\000s\000c\000u\000s\000s\000i\000o\000n}{}% 63
\BOOKMARK [2][-]{subsection.228}{\376\377\000S\000t\000r\000o\000n\000g\000l\000y\000\040\000S\000u\000p\000p\000o\000r\000t\000e\000d\000\040\000F\000i\000n\000d\000i\000n\000g\000s}{section.227}% 64
\BOOKMARK [2][-]{subsection.233}{\376\377\000W\000h\000y\000\040\000C\000r\000o\000s\000s\000-\000R\000e\000g\000i\000o\000n\000\040\000O\000u\000t\000c\000o\000m\000e\000s\000\040\000D\000i\000f\000f\000e\000r}{section.227}% 65
\BOOKMARK [2][-]{subsection.234}{\376\377\000N\000o\000n\000-\000O\000v\000e\000r\000c\000l\000a\000i\000m\000\040\000B\000o\000u\000n\000d\000a\000r\000y}{section.227}% 66
\BOOKMARK [2][-]{subsection.235}{\376\377\000E\000n\000g\000i\000n\000e\000e\000r\000i\000n\000g\000\040\000S\000i\000g\000n\000i\000f\000i\000c\000a\000n\000c\000e}{section.227}% 67
\BOOKMARK [2][-]{subsection.236}{\376\377\000P\000r\000a\000c\000t\000i\000c\000a\000l\000\040\000O\000p\000e\000r\000a\000t\000o\000r\000\040\000I\000n\000t\000e\000r\000p\000r\000e\000t\000a\000t\000i\000o\000n}{section.227}% 68
\BOOKMARK [1][-]{section.240}{\376\377\000T\000h\000r\000e\000a\000t\000s\000\040\000t\000o\000\040\000V\000a\000l\000i\000d\000i\000t\000y}{}% 69
\BOOKMARK [2][-]{subsection.241}{\376\377\000I\000n\000t\000e\000r\000n\000a\000l\000\040\000V\000a\000l\000i\000d\000i\000t\000y}{section.240}% 70
\BOOKMARK [2][-]{subsection.242}{\376\377\000E\000x\000t\000e\000r\000n\000a\000l\000\040\000V\000a\000l\000i\000d\000i\000t\000y}{section.240}% 71
\BOOKMARK [2][-]{subsection.243}{\376\377\000C\000o\000n\000s\000t\000r\000u\000c\000t\000\040\000V\000a\000l\000i\000d\000i\000t\000y}{section.240}% 72
\BOOKMARK [2][-]{subsection.244}{\376\377\000C\000o\000n\000c\000l\000u\000s\000i\000o\000n\000\040\000V\000a\000l\000i\000d\000i\000t\000y}{section.240}% 73
\BOOKMARK [2][-]{subsection.245}{\376\377\000R\000e\000s\000i\000d\000u\000a\000l\000\040\000R\000i\000s\000k\000\040\000P\000r\000i\000o\000r\000i\000t\000i\000z\000a\000t\000i\000o\000n}{section.240}% 74
\BOOKMARK [1][-]{section.250}{\376\377\000O\000p\000e\000r\000a\000t\000i\000o\000n\000a\000l\000\040\000S\000a\000f\000e\000t\000y\000\040\000a\000n\000d\000\040\000F\000a\000i\000l\000u\000r\000e\000\040\000M\000o\000d\000e\000s}{}% 75
\BOOKMARK [2][-]{subsection.251}{\376\377\000F\000a\000i\000l\000u\000r\000e\000-\000M\000o\000d\000e\000\040\000T\000a\000b\000l\000e}{section.250}% 76
\BOOKMARK [2][-]{subsection.253}{\376\377\000I\000n\000c\000i\000d\000e\000n\000t\000\040\000R\000e\000s\000p\000o\000n\000s\000e\000\040\000S\000e\000q\000u\000e\000n\000c\000e}{section.250}% 77
\BOOKMARK [2][-]{subsection.259}{\376\377\000G\000o\000v\000e\000r\000n\000a\000n\000c\000e\000\040\000S\000a\000f\000e\000g\000u\000a\000r\000d\000s}{section.250}% 78
\BOOKMARK [2][-]{subsection.263}{\376\377\000C\000o\000n\000f\000i\000g\000-\000L\000e\000v\000e\000l\000\040\000S\000a\000f\000e\000t\000y\000\040\000S\000n\000a\000p\000s\000h\000o\000t}{section.250}% 79
\BOOKMARK [1][-]{section.269}{\376\377\000L\000i\000m\000i\000t\000a\000t\000i\000o\000n\000s}{}% 80
\BOOKMARK [2][-]{subsection.270}{\376\377\000D\000a\000t\000a\000s\000e\000t\000\040\000a\000n\000d\000\040\000C\000o\000v\000e\000r\000a\000g\000e\000\040\000L\000i\000m\000i\000t\000s}{section.269}% 81
\BOOKMARK [2][-]{subsection.271}{\376\377\000M\000o\000d\000e\000l\000i\000n\000g\000\040\000a\000n\000d\000\040\000O\000p\000t\000i\000m\000i\000z\000a\000t\000i\000o\000n\000\040\000L\000i\000m\000i\000t\000s}{section.269}% 82
\BOOKMARK [2][-]{subsection.272}{\376\377\000D\000o\000c\000u\000m\000e\000n\000t\000a\000t\000i\000o\000n\000\040\000S\000y\000n\000c\000h\000r\000o\000n\000i\000z\000a\000t\000i\000o\000n\000\040\000L\000i\000m\000i\000t\000s}{section.269}% 83
\BOOKMARK [2][-]{subsection.273}{\376\377\000C\000i\000t\000a\000t\000i\000o\000n\000\040\000L\000i\000m\000i\000t\000s}{section.269}% 84
\BOOKMARK [2][-]{subsection.274}{\376\377\000I\000o\000T\000\040\000V\000a\000l\000i\000d\000a\000t\000i\000o\000n\000\040\000B\000o\000u\000n\000d\000a\000r\000y\000\040\000\050\000D\000e\000p\000l\000o\000y\000m\000e\000n\000t\000-\000R\000e\000a\000d\000i\000n\000e\000s\000s\000,\000\040\000N\000o\000n\000-\000F\000i\000e\000l\000d\000\040\000E\000v\000i\000d\000e\000n\000c\000e\000\051}{section.269}% 85
\BOOKMARK [1][-]{section.278}{\376\377\000F\000u\000t\000u\000r\000e\000\040\000W\000o\000r\000k}{}% 86
\BOOKMARK [2][-]{subsection.279}{\376\377\000N\000e\000a\000r\000-\000T\000e\000r\000m}{section.278}% 87
\BOOKMARK [2][-]{subsection.283}{\376\377\000M\000i\000d\000-\000T\000e\000r\000m}{section.278}% 88
\BOOKMARK [2][-]{subsection.287}{\376\377\000L\000o\000n\000g\000-\000T\000e\000r\000m}{section.278}% 89
\BOOKMARK [1][-]{section.291}{\376\377\000C\000o\000n\000c\000l\000u\000s\000i\000o\000n}{}% 90
\BOOKMARK [1][-]{appendix.296}{\376\377\000R\000e\000p\000l\000i\000c\000a\000t\000i\000o\000n\000\040\000C\000h\000e\000c\000k\000l\000i\000s\000t}{}% 91
\BOOKMARK [1][-]{appendix.302}{\376\377\000A\000r\000t\000i\000f\000a\000c\000t\000\040\000I\000n\000v\000e\000n\000t\000o\000r\000y}{}% 92
\BOOKMARK [1][-]{appendix.304}{\376\377\000S\000e\000c\000t\000i\000o\000n\000-\000b\000y\000-\000S\000e\000c\000t\000i\000o\000n\000\040\000W\000r\000i\000t\000i\000n\000g\000\040\000B\000a\000n\000k\000\040\000\050\000C\000o\000p\000y\000-\000R\000e\000a\000d\000y\000\051}{}% 93
\BOOKMARK [2][-]{subsection.305}{\376\377\000I\000n\000t\000r\000o\000d\000u\000c\000t\000i\000o\000n}{appendix.304}% 94
\BOOKMARK [2][-]{subsection.309}{\376\377\000D\000a\000t\000a\000\040\000A\000s\000s\000e\000t\000s\000\040\000a\000n\000d\000\040\000S\000c\000o\000p\000e}{appendix.304}% 95
\BOOKMARK [2][-]{subsection.313}{\376\377\000M\000e\000t\000h\000o\000d\000s}{appendix.304}% 96
\BOOKMARK [2][-]{subsection.318}{\376\377\000R\000e\000s\000u\000l\000t\000s}{appendix.304}% 97
\BOOKMARK [2][-]{subsection.324}{\376\377\000G\000o\000v\000e\000r\000n\000a\000n\000c\000e\000\040\000S\000e\000c\000t\000i\000o\000n\000s}{appendix.304}% 98
\BOOKMARK [2][-]{subsection.328}{\376\377\000S\000a\000f\000e\000t\000y\000,\000\040\000V\000a\000l\000i\000d\000i\000t\000y\000,\000\040\000a\000n\000d\000\040\000L\000i\000m\000i\000t\000a\000t\000i\000o\000n\000s}{appendix.304}% 99
\BOOKMARK [1][-]{appendix.332}{\376\377\000C\000l\000a\000i\000m\000s\000\040\000R\000e\000q\000u\000i\000r\000i\000n\000g\000\040\000C\000i\000t\000a\000t\000i\000o\000n\000\040\000B\000e\000f\000o\000r\000e\000\040\000P\000u\000b\000l\000i\000c\000a\000t\000i\000o\000n}{}% 100
\BOOKMARK [1][-]{appendix.337}{\376\377\000S\000y\000n\000c\000h\000r\000o\000n\000i\000z\000a\000t\000i\000o\000n\000\040\000a\000n\000d\000\040\000R\000e\000l\000e\000a\000s\000e\000\040\000N\000o\000t\000e\000s}{}% 101
\BOOKMARK [1][-]{appendix.342}{\376\377\000F\000u\000l\000l\000-\000D\000e\000t\000a\000i\000l\000\040\000A\000u\000t\000h\000o\000r\000i\000n\000g\000\040\000B\000l\000o\000c\000k\000s\000\040\000\050\000U\000s\000e\000/\000T\000r\000i\000m\000\040\000a\000s\000\040\000N\000e\000e\000d\000e\000d\000\051}{}% 102
\BOOKMARK [2][-]{subsection.343}{\376\377\000L\000o\000n\000g\000-\000F\000o\000r\000m\000\040\000I\000n\000t\000r\000o\000\040\000B\000l\000o\000c\000k}{appendix.342}% 103
\BOOKMARK [2][-]{subsection.344}{\376\377\000L\000o\000n\000g\000-\000F\000o\000r\000m\000\040\000M\000e\000t\000h\000o\000d\000\040\000B\000l\000o\000c\000k}{appendix.342}% 104
\BOOKMARK [2][-]{subsection.345}{\376\377\000L\000o\000n\000g\000-\000F\000o\000r\000m\000\040\000R\000e\000s\000u\000l\000t\000s\000\040\000B\000l\000o\000c\000k}{appendix.342}% 105
\BOOKMARK [2][-]{subsection.346}{\376\377\000L\000o\000n\000g\000-\000F\000o\000r\000m\000\040\000G\000o\000v\000e\000r\000n\000a\000n\000c\000e\000\040\000B\000l\000o\000c\000k}{appendix.342}% 106
\BOOKMARK [2][-]{subsection.347}{\376\377\000L\000o\000n\000g\000-\000F\000o\000r\000m\000\040\000L\000i\000m\000i\000t\000a\000t\000i\000o\000n\000\040\000B\000l\000o\000c\000k}{appendix.342}% 107
\BOOKMARK [2][-]{subsection.348}{\376\377\000L\000o\000n\000g\000-\000F\000o\000r\000m\000\040\000F\000u\000t\000u\000r\000e\000\040\000W\000o\000r\000k\000\040\000B\000l\000o\000c\000k}{appendix.342}% 108
\BOOKMARK [2][-]{subsection.349}{\376\377\000K\000e\000e\000p\000/\000T\000r\000i\000m\000\040\000G\000u\000i\000d\000a\000n\000c\000e\000\040\000f\000o\000r\000\040\000F\000i\000n\000a\000l\000\040\000S\000u\000b\000m\000i\000s\000s\000i\000o\000n}{appendix.342}% 109
\BOOKMARK [1][-]{appendix.354}{\376\377\000P\000r\000o\000j\000e\000c\000t\000-\000t\000o\000-\000P\000a\000p\000e\000r\000\040\000C\000o\000v\000e\000r\000a\000g\000e\000\040\000M\000a\000p}{}% 110
\BOOKMARK [2][-]{subsection.358}{\376\377\000F\000u\000l\000l\000-\000C\000o\000v\000e\000r\000a\000g\000e\000\040\000U\000p\000d\000a\000t\000e\000\040\000\050\000C\000o\000m\000p\000l\000e\000t\000e\000d\000\051}{appendix.354}% 111
